<?xml version="1.0" encoding="UTF-8"?>
<testsuite xmlns:xsi="http://www.w3.org/2001/XMLSchema-instance" xsi:noNamespaceSchemaLocation="https://maven.apache.org/surefire/maven-failsafe-plugin/xsd/failsafe-test-report.xsd" name="uk.gov.service.bluebadge.test.acceptance.AcceptanceTest" time="30.869" tests="25" errors="8" skipped="12" failures="0">
  <properties>
[...]
</properties>
  <testcase name="Given I navigate to the &quot;sign-in&quot; page" classname="Scenario: Verify valid Sign in" time="0.001"/>
  <testcase name="Then I should see the page titled &quot;Sign in - GOV.UK Manage Blue Badges&quot;" classname="Scenario: Verify valid Sign in" time="0"/>
  <testcase name="And I type username &quot;abc@dft.gov.uk&quot; and password &quot;test123&quot;" classname="Scenario: Verify valid Sign in" time="0.004">
    <error message="Failed to find element matching &apos;By.id: emailAddress&apos;" type="java.lang.RuntimeException">java.lang.RuntimeException: Failed to find element matching 'By.id: emailAddress'
Caused by: org.openqa.selenium.TimeoutException: 
Expected condition failed: waiting for uk.gov.service.bluebadge.test.acceptance.pages.PageHelper$$Lambda$180/1640458320@49798e84 (tried for 5 second(s) with 500 milliseconds interval)
Build info: version: '3.10.0', revision: '176b4a9', time: '2018-03-02T19:03:16.397Z'
System info: host: 'SampathMahavithanas-MacBook-Pro.local', ip: '10.241.70.27', os.name: 'Mac OS X', os.arch: 'x86_64', os.version: '10.12.6', java.version: '1.8.0_151'
Driver info: org.openqa.selenium.remote.RemoteWebDriver
Capabilities {acceptInsecureCerts: false, acceptSslCerts: false, applicationCacheEnabled: false, browserConnectionEnabled: false, browserName: chrome, chrome: {chromedriverVersion: 2.35.528157 (4429ca2590d698..., userDataDir: /var/folders/dv/1w_shrr9373...}, cssSelectorsEnabled: true, databaseEnabled: false, handlesAlerts: true, hasTouchScreen: false, javascriptEnabled: true, locationContextEnabled: true, mobileEmulationEnabled: false, nativeEvents: true, networkConnectionEnabled: false, pageLoadStrategy: normal, platform: MAC, platformName: MAC, rotatable: false, setWindowRect: true, takesHeapSnapshot: true, takesScreenshot: true, unexpectedAlertBehaviour: , unhandledPromptBehavior: , version: 67.0.3396.99, webStorageEnabled: true}
Session ID: 1fa634ec488fdaf21295093063a357db
</error>
  </testcase>
  <testcase name="Scenario: Verify valid Sign in" classname="Scenario: Verify valid Sign in" time="0.004">
    <error message="Failed to find element matching &apos;By.id: emailAddress&apos;" type="java.lang.RuntimeException">java.lang.RuntimeException: Failed to find element matching 'By.id: emailAddress'
Caused by: org.openqa.selenium.TimeoutException: 
Expected condition failed: waiting for uk.gov.service.bluebadge.test.acceptance.pages.PageHelper$$Lambda$180/1640458320@49798e84 (tried for 5 second(s) with 500 milliseconds interval)
Build info: version: '3.10.0', revision: '176b4a9', time: '2018-03-02T19:03:16.397Z'
System info: host: 'SampathMahavithanas-MacBook-Pro.local', ip: '10.241.70.27', os.name: 'Mac OS X', os.arch: 'x86_64', os.version: '10.12.6', java.version: '1.8.0_151'
Driver info: org.openqa.selenium.remote.RemoteWebDriver
Capabilities {acceptInsecureCerts: false, acceptSslCerts: false, applicationCacheEnabled: false, browserConnectionEnabled: false, browserName: chrome, chrome: {chromedriverVersion: 2.35.528157 (4429ca2590d698..., userDataDir: /var/folders/dv/1w_shrr9373...}, cssSelectorsEnabled: true, databaseEnabled: false, handlesAlerts: true, hasTouchScreen: false, javascriptEnabled: true, locationContextEnabled: true, mobileEmulationEnabled: false, nativeEvents: true, networkConnectionEnabled: false, pageLoadStrategy: normal, platform: MAC, platformName: MAC, rotatable: false, setWindowRect: true, takesHeapSnapshot: true, takesScreenshot: true, unexpectedAlertBehaviour: , unhandledPromptBehavior: , version: 67.0.3396.99, webStorageEnabled: true}
Session ID: 1fa634ec488fdaf21295093063a357db
</error>
  </testcase>
  <testcase name="And I can click Sign in button" classname="Scenario: Verify valid Sign in" time="0">
    <skipped/>
  </testcase>
  <testcase name="Then I should see the page titled &quot;GOV.UK Manage Blue Badges&quot;" classname="Scenario: Verify valid Sign in" time="0">
    <skipped/>
  </testcase>
  <testcase name="And I should see LA name as &quot;Manchester City Council&quot;" classname="Scenario: Verify valid Sign in" time="0">
    <skipped/>
  </testcase>
  <testcase name="And I should see username as &quot;Sampath&quot;" classname="Scenario: Verify valid Sign in" time="0">
    <skipped/>
  </testcase>
  <testcase name="And I should see signout link" classname="Scenario: Verify valid Sign in" time="0">
    <skipped/>
  </testcase>
  <testcase name="Given I navigate to the &quot;sign-in&quot; page" classname="Scenario: Verify Sign in with an invalid email address" time="0"/>
  <testcase name="And I type username &quot;example&quot; and password &quot;test123&quot;" classname="Scenario: Verify Sign in with an invalid email address" time="0.001">
    <error message="Failed to find element matching &apos;By.id: emailAddress&apos;" type="java.lang.RuntimeException">java.lang.RuntimeException: Failed to find element matching 'By.id: emailAddress'
Caused by: org.openqa.selenium.TimeoutException: 
Expected condition failed: waiting for uk.gov.service.bluebadge.test.acceptance.pages.PageHelper$$Lambda$180/1640458320@14e2e1c3 (tried for 5 second(s) with 500 milliseconds interval)
Build info: version: '3.10.0', revision: '176b4a9', time: '2018-03-02T19:03:16.397Z'
System info: host: 'SampathMahavithanas-MacBook-Pro.local', ip: '10.241.70.27', os.name: 'Mac OS X', os.arch: 'x86_64', os.version: '10.12.6', java.version: '1.8.0_151'
Driver info: org.openqa.selenium.remote.RemoteWebDriver
Capabilities {acceptInsecureCerts: false, acceptSslCerts: false, applicationCacheEnabled: false, browserConnectionEnabled: false, browserName: chrome, chrome: {chromedriverVersion: 2.35.528157 (4429ca2590d698..., userDataDir: /var/folders/dv/1w_shrr9373...}, cssSelectorsEnabled: true, databaseEnabled: false, handlesAlerts: true, hasTouchScreen: false, javascriptEnabled: true, locationContextEnabled: true, mobileEmulationEnabled: false, nativeEvents: true, networkConnectionEnabled: false, pageLoadStrategy: normal, platform: MAC, platformName: MAC, rotatable: false, setWindowRect: true, takesHeapSnapshot: true, takesScreenshot: true, unexpectedAlertBehaviour: , unhandledPromptBehavior: , version: 67.0.3396.99, webStorageEnabled: true}
Session ID: 1d9813067f851611933e5d7b1f010c57
</error>
  </testcase>
  <testcase name="Scenario: Verify Sign in with an invalid email address" classname="Scenario: Verify Sign in with an invalid email address" time="0.001">
    <error message="Failed to find element matching &apos;By.id: emailAddress&apos;" type="java.lang.RuntimeException">java.lang.RuntimeException: Failed to find element matching 'By.id: emailAddress'
Caused by: org.openqa.selenium.TimeoutException: 
Expected condition failed: waiting for uk.gov.service.bluebadge.test.acceptance.pages.PageHelper$$Lambda$180/1640458320@14e2e1c3 (tried for 5 second(s) with 500 milliseconds interval)
Build info: version: '3.10.0', revision: '176b4a9', time: '2018-03-02T19:03:16.397Z'
System info: host: 'SampathMahavithanas-MacBook-Pro.local', ip: '10.241.70.27', os.name: 'Mac OS X', os.arch: 'x86_64', os.version: '10.12.6', java.version: '1.8.0_151'
Driver info: org.openqa.selenium.remote.RemoteWebDriver
Capabilities {acceptInsecureCerts: false, acceptSslCerts: false, applicationCacheEnabled: false, browserConnectionEnabled: false, browserName: chrome, chrome: {chromedriverVersion: 2.35.528157 (4429ca2590d698..., userDataDir: /var/folders/dv/1w_shrr9373...}, cssSelectorsEnabled: true, databaseEnabled: false, handlesAlerts: true, hasTouchScreen: false, javascriptEnabled: true, locationContextEnabled: true, mobileEmulationEnabled: false, nativeEvents: true, networkConnectionEnabled: false, pageLoadStrategy: normal, platform: MAC, platformName: MAC, rotatable: false, setWindowRect: true, takesHeapSnapshot: true, takesScreenshot: true, unexpectedAlertBehaviour: , unhandledPromptBehavior: , version: 67.0.3396.99, webStorageEnabled: true}
Session ID: 1d9813067f851611933e5d7b1f010c57
</error>
  </testcase>
  <testcase name="And I can click Sign in button" classname="Scenario: Verify Sign in with an invalid email address" time="0">
    <skipped/>
  </testcase>
  <testcase name="Then I should see the validation message for &quot;invalid email&quot; as &quot;Enter a valid email address&quot;" classname="Scenario: Verify Sign in with an invalid email address" time="0">
    <skipped/>
  </testcase>
  <testcase name="Given I navigate to the &quot;sign-in&quot; page" classname="Scenario: Verify Sign in with an invalid password" time="0"/>
  <testcase name="And I type username &quot;example@gmail.com&quot; and password &quot;&quot;" classname="Scenario: Verify Sign in with an invalid password" time="0">
    <error message="Failed to find element matching &apos;By.id: emailAddress&apos;" type="java.lang.RuntimeException">java.lang.RuntimeException: Failed to find element matching 'By.id: emailAddress'
Caused by: org.openqa.selenium.TimeoutException: 
Expected condition failed: waiting for uk.gov.service.bluebadge.test.acceptance.pages.PageHelper$$Lambda$180/1640458320@4a6c18ad (tried for 5 second(s) with 500 milliseconds interval)
Build info: version: '3.10.0', revision: '176b4a9', time: '2018-03-02T19:03:16.397Z'
System info: host: 'SampathMahavithanas-MacBook-Pro.local', ip: '10.241.70.27', os.name: 'Mac OS X', os.arch: 'x86_64', os.version: '10.12.6', java.version: '1.8.0_151'
Driver info: org.openqa.selenium.remote.RemoteWebDriver
Capabilities {acceptInsecureCerts: false, acceptSslCerts: false, applicationCacheEnabled: false, browserConnectionEnabled: false, browserName: chrome, chrome: {chromedriverVersion: 2.35.528157 (4429ca2590d698..., userDataDir: /var/folders/dv/1w_shrr9373...}, cssSelectorsEnabled: true, databaseEnabled: false, handlesAlerts: true, hasTouchScreen: false, javascriptEnabled: true, locationContextEnabled: true, mobileEmulationEnabled: false, nativeEvents: true, networkConnectionEnabled: false, pageLoadStrategy: normal, platform: MAC, platformName: MAC, rotatable: false, setWindowRect: true, takesHeapSnapshot: true, takesScreenshot: true, unexpectedAlertBehaviour: , unhandledPromptBehavior: , version: 67.0.3396.99, webStorageEnabled: true}
Session ID: bcef6a1c3e964fb0b7ebee5bb47438bc
</error>
  </testcase>
  <testcase name="Scenario: Verify Sign in with an invalid password" classname="Scenario: Verify Sign in with an invalid password" time="0.001">
    <error message="Failed to find element matching &apos;By.id: emailAddress&apos;" type="java.lang.RuntimeException">java.lang.RuntimeException: Failed to find element matching 'By.id: emailAddress'
Caused by: org.openqa.selenium.TimeoutException: 
Expected condition failed: waiting for uk.gov.service.bluebadge.test.acceptance.pages.PageHelper$$Lambda$180/1640458320@4a6c18ad (tried for 5 second(s) with 500 milliseconds interval)
Build info: version: '3.10.0', revision: '176b4a9', time: '2018-03-02T19:03:16.397Z'
System info: host: 'SampathMahavithanas-MacBook-Pro.local', ip: '10.241.70.27', os.name: 'Mac OS X', os.arch: 'x86_64', os.version: '10.12.6', java.version: '1.8.0_151'
Driver info: org.openqa.selenium.remote.RemoteWebDriver
Capabilities {acceptInsecureCerts: false, acceptSslCerts: false, applicationCacheEnabled: false, browserConnectionEnabled: false, browserName: chrome, chrome: {chromedriverVersion: 2.35.528157 (4429ca2590d698..., userDataDir: /var/folders/dv/1w_shrr9373...}, cssSelectorsEnabled: true, databaseEnabled: false, handlesAlerts: true, hasTouchScreen: false, javascriptEnabled: true, locationContextEnabled: true, mobileEmulationEnabled: false, nativeEvents: true, networkConnectionEnabled: false, pageLoadStrategy: normal, platform: MAC, platformName: MAC, rotatable: false, setWindowRect: true, takesHeapSnapshot: true, takesScreenshot: true, unexpectedAlertBehaviour: , unhandledPromptBehavior: , version: 67.0.3396.99, webStorageEnabled: true}
Session ID: bcef6a1c3e964fb0b7ebee5bb47438bc
</error>
  </testcase>
  <testcase name="And I can click Sign in button" classname="Scenario: Verify Sign in with an invalid password" time="0">
    <skipped/>
  </testcase>
  <testcase name="Then I should see the validation message for &quot;invalid password&quot; as &quot;Enter a password&quot;" classname="Scenario: Verify Sign in with an invalid password" time="0">
    <skipped/>
  </testcase>
  <testcase name="Given I navigate to the &quot;sign-in&quot; page" classname="Scenario: Verify Sign out" time="0"/>
  <testcase name="When I type username &quot;abc@dft.gov.uk&quot; and password &quot;test123&quot;" classname="Scenario: Verify Sign out" time="0.001">
    <error message="Failed to find element matching &apos;By.id: emailAddress&apos;" type="java.lang.RuntimeException">java.lang.RuntimeException: Failed to find element matching 'By.id: emailAddress'
Caused by: org.openqa.selenium.TimeoutException: 
Expected condition failed: waiting for uk.gov.service.bluebadge.test.acceptance.pages.PageHelper$$Lambda$180/1640458320@16c8b7bd (tried for 5 second(s) with 500 milliseconds interval)
Build info: version: '3.10.0', revision: '176b4a9', time: '2018-03-02T19:03:16.397Z'
System info: host: 'SampathMahavithanas-MacBook-Pro.local', ip: '10.241.70.27', os.name: 'Mac OS X', os.arch: 'x86_64', os.version: '10.12.6', java.version: '1.8.0_151'
Driver info: org.openqa.selenium.remote.RemoteWebDriver
Capabilities {acceptInsecureCerts: false, acceptSslCerts: false, applicationCacheEnabled: false, browserConnectionEnabled: false, browserName: chrome, chrome: {chromedriverVersion: 2.35.528157 (4429ca2590d698..., userDataDir: /var/folders/dv/1w_shrr9373...}, cssSelectorsEnabled: true, databaseEnabled: false, handlesAlerts: true, hasTouchScreen: false, javascriptEnabled: true, locationContextEnabled: true, mobileEmulationEnabled: false, nativeEvents: true, networkConnectionEnabled: false, pageLoadStrategy: normal, platform: MAC, platformName: MAC, rotatable: false, setWindowRect: true, takesHeapSnapshot: true, takesScreenshot: true, unexpectedAlertBehaviour: , unhandledPromptBehavior: , version: 67.0.3396.99, webStorageEnabled: true}
Session ID: e2f410ec0d4dfee5c1d6af7fd98cdab0
</error>
  </testcase>
  <testcase name="Scenario: Verify Sign out" classname="Scenario: Verify Sign out" time="0.001">
    <error message="Failed to find element matching &apos;By.id: emailAddress&apos;" type="java.lang.RuntimeException">java.lang.RuntimeException: Failed to find element matching 'By.id: emailAddress'
Caused by: org.openqa.selenium.TimeoutException: 
Expected condition failed: waiting for uk.gov.service.bluebadge.test.acceptance.pages.PageHelper$$Lambda$180/1640458320@16c8b7bd (tried for 5 second(s) with 500 milliseconds interval)
Build info: version: '3.10.0', revision: '176b4a9', time: '2018-03-02T19:03:16.397Z'
System info: host: 'SampathMahavithanas-MacBook-Pro.local', ip: '10.241.70.27', os.name: 'Mac OS X', os.arch: 'x86_64', os.version: '10.12.6', java.version: '1.8.0_151'
Driver info: org.openqa.selenium.remote.RemoteWebDriver
Capabilities {acceptInsecureCerts: false, acceptSslCerts: false, applicationCacheEnabled: false, browserConnectionEnabled: false, browserName: chrome, chrome: {chromedriverVersion: 2.35.528157 (4429ca2590d698..., userDataDir: /var/folders/dv/1w_shrr9373...}, cssSelectorsEnabled: true, databaseEnabled: false, handlesAlerts: true, hasTouchScreen: false, javascriptEnabled: true, locationContextEnabled: true, mobileEmulationEnabled: false, nativeEvents: true, networkConnectionEnabled: false, pageLoadStrategy: normal, platform: MAC, platformName: MAC, rotatable: false, setWindowRect: true, takesHeapSnapshot: true, takesScreenshot: true, unexpectedAlertBehaviour: , unhandledPromptBehavior: , version: 67.0.3396.99, webStorageEnabled: true}
Session ID: e2f410ec0d4dfee5c1d6af7fd98cdab0
</error>
  </testcase>
  <testcase name="And I can click Sign in button" classname="Scenario: Verify Sign out" time="0">
    <skipped/>
  </testcase>
  <testcase name="And I can click on the &quot;Sign out&quot; link" classname="Scenario: Verify Sign out" time="0">
    <skipped/>
  </testcase>
  <testcase name="Then I should see the title &quot;Sign in&quot;" classname="Scenario: Verify Sign out" time="0">
    <skipped/>
  </testcase>
</testsuite>